<?xml version="1.0" encoding="UTF-8"?>
<!-- Generated by org.testng.reporters.JUnitReportReporter -->
<testsuite skipped="1" hostname="Axels-MacBook-Pro.local" name="ch.creditsuisse.testing.tests.Sanity" tests="1" failures="0" timestamp="29 Jan 2019 17:16:16 GMT" time="0.000" errors="0">
  <testcase name="runScenario" time="0.000" classname="ch.creditsuisse.testing.tests.Sanity">
    <skipped/>
  </testcase> <!-- runScenario -->
</testsuite> <!-- ch.creditsuisse.testing.tests.Sanity -->
