<?xml version="1.0" encoding="UTF-8"?>
<!-- Generated by org.testng.reporters.JUnitReportReporter -->
<testsuite skipped="0" hostname="Axels-MacBook-Pro.local" name="ch.creditsuisse.testing.tests.Sanity" tests="1" failures="0" timestamp="29 Jan 2019 17:16:57 GMT" time="0.019" errors="0">
  <testcase name="runScenario" time="0.019" classname="ch.creditsuisse.testing.tests.Sanity"/>
</testsuite> <!-- ch.creditsuisse.testing.tests.Sanity -->
